Build started 02/11/2014 16:44:22.
     1>Project "C:\Users\Kari\Documents\Graphics\Assignment1Robot\Assignment1Robot.vcxproj" on node 2 (Build target(s)).
     1>ClCompile:
         C:\Program Files (x86)\Microsoft Visual Studio 12.0\VC\bin\CL.exe /c /Zi /nologo /W3 /WX- /Od /Oy- /D WIN32 /D _DEBUG /D _CONSOLE /Gm /EHsc /RTC1 /MDd /GS /fp:precise /Zc:wchar_t /Zc:forScope /Fo"Debug\\" /Fd"Debug\vc120.pdb" /Gd /TP /analyze- /errorReport:prompt Shape.cpp robotScene.cpp
         robotScene.cpp
     1>c:\users\kari\documents\graphics\assignment1robot\Shape.cpp(44): warning C4305: '=' : truncation from 'double' to 'GLfloat'
     1>c:\users\kari\documents\graphics\assignment1robot\Shape.cpp(75): warning C4018: '<' : signed/unsigned mismatch
     1>c:\users\kari\documents\graphics\assignment1robot\Shape.cpp(104): warning C4305: '+=' : truncation from 'double' to 'GLfloat'
     1>c:\users\kari\documents\graphics\assignment1robot\Shape.cpp(118): warning C4018: '<' : signed/unsigned mismatch
     1>c:\users\kari\documents\graphics\assignment1robot\Shape.cpp(149): warning C4305: '+=' : truncation from 'double' to 'GLfloat'
     1>c:\users\kari\documents\graphics\assignment1robot\Shape.cpp(163): warning C4018: '<' : signed/unsigned mismatch
     1>robotScene.cpp(142): warning C4305: 'argument' : truncation from 'double' to 'GLfloat'
     1>robotScene.cpp(143): warning C4305: 'argument' : truncation from 'double' to 'GLfloat'
     1>robotScene.cpp(144): warning C4305: 'argument' : truncation from 'double' to 'GLfloat'
     1>robotScene.cpp(145): warning C4305: 'argument' : truncation from 'double' to 'GLfloat'
     1>robotScene.cpp(232): warning C4305: 'argument' : truncation from 'double' to 'GLfloat'
     1>robotScene.cpp(233): warning C4305: 'argument' : truncation from 'double' to 'GLfloat'
     1>robotScene.cpp(235): warning C4305: 'argument' : truncation from 'double' to 'GLfloat'
     1>robotScene.cpp(236): warning C4305: 'argument' : truncation from 'double' to 'GLfloat'
     1>robotScene.cpp(266): warning C4305: 'argument' : truncation from 'double' to 'GLfloat'
     1>robotScene.cpp(267): warning C4305: 'argument' : truncation from 'double' to 'GLfloat'
     1>robotScene.cpp(268): warning C4305: 'argument' : truncation from 'double' to 'GLfloat'
     1>robotScene.cpp(519): warning C4305: 'argument' : truncation from 'double' to 'GLfloat'
     1>robotScene.cpp(520): warning C4305: 'argument' : truncation from 'double' to 'GLfloat'
     1>robotScene.cpp(521): warning C4305: 'argument' : truncation from 'double' to 'GLfloat'
     1>robotScene.cpp(522): warning C4305: 'argument' : truncation from 'double' to 'GLfloat'
         GLM: perspective function taking degrees as a parameter is deprecated. #define GLM_FORCE_RADIANS before including GLM headers to remove this message.
         GLM: rotate function taking degrees as a parameter is deprecated. #define GLM_FORCE_RADIANS before including GLM headers to remove this message.
         Shape.cpp
     1>Shape.cpp(44): warning C4305: '=' : truncation from 'double' to 'GLfloat'
     1>Shape.cpp(75): warning C4018: '<' : signed/unsigned mismatch
     1>Shape.cpp(104): warning C4305: '+=' : truncation from 'double' to 'GLfloat'
     1>Shape.cpp(118): warning C4018: '<' : signed/unsigned mismatch
     1>Shape.cpp(149): warning C4305: '+=' : truncation from 'double' to 'GLfloat'
     1>Shape.cpp(163): warning C4018: '<' : signed/unsigned mismatch
         Generating Code...
       Link:
         C:\Program Files (x86)\Microsoft Visual Studio 12.0\VC\bin\link.exe /ERRORREPORT:PROMPT /OUT:"C:\Users\Kari\Documents\Graphics\Assignment1Robot\Debug\Assignment1Robot.exe" /INCREMENTAL /NOLOGO kernel32.lib user32.lib gdi32.lib winspool.lib comdlg32.lib advapi32.lib shell32.lib ole32.lib oleaut32.lib uuid.lib odbc32.lib odbccp32.lib /MANIFEST /MANIFESTUAC:"level='asInvoker' uiAccess='false'" /manifest:embed /DEBUG /PDB:"C:\Users\Kari\Documents\Graphics\Assignment1Robot\Debug\Assignment1Robot.pdb" /SUBSYSTEM:CONSOLE /TLBID:1 /DYNAMICBASE /NXCOMPAT /IMPLIB:"C:\Users\Kari\Documents\Graphics\Assignment1Robot\Debug\Assignment1Robot.lib" /MACHINE:X86 Debug\robotScene.obj
         Debug\Shape.obj
         Debug\wrapper_glfw.obj
         Assignment1Robot.vcxproj -> C:\Users\Kari\Documents\Graphics\Assignment1Robot\Debug\Assignment1Robot.exe
     1>Done Building Project "C:\Users\Kari\Documents\Graphics\Assignment1Robot\Assignment1Robot.vcxproj" (Build target(s)).

Build succeeded.

Time Elapsed 00:00:05.96
