Build started 26/11/2014 20:55:18.
     1>Project "C:\Users\Kari\Documents\Graphics2\winterScene\positionalLight.vcxproj" on node 2 (Build target(s)).
     1>ClCompile:
         C:\Program Files (x86)\Microsoft Visual Studio 12.0\VC\bin\CL.exe /c /Zi /nologo /W3 /WX- /Od /Oy- /D WIN32 /D _DEBUG /D _CONSOLE /Gm /EHsc /RTC1 /MDd /GS /fp:precise /Zc:wchar_t /Zc:forScope /Fo"Debug\\" /Fd"Debug\vc120.pdb" /Gd /TP /analyze- /errorReport:prompt terrain_object.cpp
         terrain_object.cpp
     1>terrain_object.cpp(24): warning C4305: '=' : truncation from 'double' to 'GLfloat'
     1>terrain_object.cpp(125): warning C4018: '<' : signed/unsigned mismatch
     1>terrain_object.cpp(144): warning C4018: '<' : signed/unsigned mismatch
     1>terrain_object.cpp(149): warning C4018: '<' : signed/unsigned mismatch
     1>terrain_object.cpp(151): warning C4018: '<' : signed/unsigned mismatch
       Link:
         C:\Program Files (x86)\Microsoft Visual Studio 12.0\VC\bin\link.exe /ERRORREPORT:PROMPT /OUT:"C:\Users\Kari\Documents\Graphics2\winterScene\Debug\winterScene.exe" /INCREMENTAL /NOLOGO kernel32.lib user32.lib gdi32.lib winspool.lib comdlg32.lib advapi32.lib shell32.lib ole32.lib oleaut32.lib uuid.lib odbc32.lib odbccp32.lib /MANIFEST /MANIFESTUAC:"level='asInvoker' uiAccess='false'" /manifest:embed /DEBUG /PDB:"C:\Users\Kari\Documents\Graphics2\winterScene\Debug\winterScene.pdb" /SUBSYSTEM:CONSOLE /TLBID:1 /DYNAMICBASE /NXCOMPAT /IMPLIB:"C:\Users\Kari\Documents\Graphics2\winterScene\Debug\winterScene.lib" /MACHINE:X86 Debug\object_ldr.obj
         Debug\points.obj
         Debug\Skybox.obj
         Debug\tree.obj
         Debug\winterScene.obj
         Debug\terrain_object.obj
         Debug\wrapper_glfw.obj
         positionalLight.vcxproj -> C:\Users\Kari\Documents\Graphics2\winterScene\Debug\winterScene.exe
     1>Done Building Project "C:\Users\Kari\Documents\Graphics2\winterScene\positionalLight.vcxproj" (Build target(s)).

Build succeeded.

Time Elapsed 00:00:02.54
