Build started 29/10/2014 15:48:19.
     1>Project "C:\Users\Kari\Documents\Graphics\robot\robot2.vcxproj" on node 2 (Build target(s)).
     1>C:\Program Files (x86)\MSBuild\Microsoft.Cpp\v4.0\V120\Microsoft.CppBuild.targets(388,5): warning MSB8028: The intermediate directory (Debug\) contains files shared from another project (robot.vcxproj).  This can lead to incorrect clean and rebuild behavior.
     1>ClCompile:
         C:\Program Files (x86)\Microsoft Visual Studio 12.0\VC\bin\CL.exe /c /Zi /nologo /W3 /WX- /Od /Oy- /D WIN32 /D _DEBUG /D _CONSOLE /Gm /EHsc /RTC1 /MDd /GS /fp:precise /Zc:wchar_t /Zc:forScope /Fo"Debug\\" /Fd"Debug\vc120.pdb" /Gd /TP /analyze- /errorReport:prompt lab2start.cpp
         lab2start.cpp
     1>lab2start.cpp(40): warning C4305: 'initializing' : truncation from 'double' to 'GLfloat'
     1>lab2start.cpp(681): warning C4305: 'argument' : truncation from 'double' to 'GLfloat'
     1>lab2start.cpp(682): warning C4305: 'argument' : truncation from 'double' to 'GLfloat'
     1>lab2start.cpp(683): warning C4305: 'argument' : truncation from 'double' to 'GLfloat'
     1>lab2start.cpp(684): warning C4305: 'argument' : truncation from 'double' to 'GLfloat'
         GLM: rotate function taking degrees as a parameter is deprecated. #define GLM_FORCE_RADIANS before including GLM headers to remove this message.
       Link:
         C:\Program Files (x86)\Microsoft Visual Studio 12.0\VC\bin\link.exe /ERRORREPORT:PROMPT /OUT:"C:\Users\Kari\Documents\Graphics\robot\Debug\robot2.exe" /INCREMENTAL /NOLOGO kernel32.lib user32.lib gdi32.lib winspool.lib comdlg32.lib advapi32.lib shell32.lib ole32.lib oleaut32.lib uuid.lib odbc32.lib odbccp32.lib /MANIFEST /MANIFESTUAC:"level='asInvoker' uiAccess='false'" /manifest:embed /DEBUG /PDB:"C:\Users\Kari\Documents\Graphics\robot\Debug\robot2.pdb" /SUBSYSTEM:CONSOLE /TLBID:1 /DYNAMICBASE /NXCOMPAT /IMPLIB:"C:\Users\Kari\Documents\Graphics\robot\Debug\robot2.lib" /MACHINE:X86 Debug\lab2start.obj
         Debug\wrapper_glfw.obj
     1>glfw3.lib(context.obj) : warning LNK4204: 'C:\Users\Kari\Documents\Graphics\robot\Debug\vc120.pdb' is missing debugging information for referencing module; linking object as if no debug info
     1>glfw3.lib(gamma.obj) : warning LNK4204: 'C:\Users\Kari\Documents\Graphics\robot\Debug\vc120.pdb' is missing debugging information for referencing module; linking object as if no debug info
     1>glfw3.lib(init.obj) : warning LNK4204: 'C:\Users\Kari\Documents\Graphics\robot\Debug\vc120.pdb' is missing debugging information for referencing module; linking object as if no debug info
     1>glfw3.lib(input.obj) : warning LNK4204: 'C:\Users\Kari\Documents\Graphics\robot\Debug\vc120.pdb' is missing debugging information for referencing module; linking object as if no debug info
     1>glfw3.lib(monitor.obj) : warning LNK4204: 'C:\Users\Kari\Documents\Graphics\robot\Debug\vc120.pdb' is missing debugging information for referencing module; linking object as if no debug info
     1>glfw3.lib(window.obj) : warning LNK4204: 'C:\Users\Kari\Documents\Graphics\robot\Debug\vc120.pdb' is missing debugging information for referencing module; linking object as if no debug info
     1>glfw3.lib(win32_gamma.obj) : warning LNK4204: 'C:\Users\Kari\Documents\Graphics\robot\Debug\vc120.pdb' is missing debugging information for referencing module; linking object as if no debug info
     1>glfw3.lib(win32_init.obj) : warning LNK4204: 'C:\Users\Kari\Documents\Graphics\robot\Debug\vc120.pdb' is missing debugging information for referencing module; linking object as if no debug info
     1>glfw3.lib(win32_joystick.obj) : warning LNK4204: 'C:\Users\Kari\Documents\Graphics\robot\Debug\vc120.pdb' is missing debugging information for referencing module; linking object as if no debug info
     1>glfw3.lib(win32_monitor.obj) : warning LNK4204: 'C:\Users\Kari\Documents\Graphics\robot\Debug\vc120.pdb' is missing debugging information for referencing module; linking object as if no debug info
     1>glfw3.lib(win32_time.obj) : warning LNK4204: 'C:\Users\Kari\Documents\Graphics\robot\Debug\vc120.pdb' is missing debugging information for referencing module; linking object as if no debug info
     1>glfw3.lib(win32_window.obj) : warning LNK4204: 'C:\Users\Kari\Documents\Graphics\robot\Debug\vc120.pdb' is missing debugging information for referencing module; linking object as if no debug info
     1>glfw3.lib(wgl_context.obj) : warning LNK4204: 'C:\Users\Kari\Documents\Graphics\robot\Debug\vc120.pdb' is missing debugging information for referencing module; linking object as if no debug info
     1>glloadD.lib(gl_load.obj) : warning LNK4204: 'C:\Users\Kari\Documents\Graphics\robot\Debug\vc120.pdb' is missing debugging information for referencing module; linking object as if no debug info
     1>glloadD.lib(gl_load_cpp.obj) : warning LNK4204: 'C:\Users\Kari\Documents\Graphics\robot\Debug\vc120.pdb' is missing debugging information for referencing module; linking object as if no debug info
         robot2.vcxproj -> C:\Users\Kari\Documents\Graphics\robot\Debug\robot2.exe
     1>Done Building Project "C:\Users\Kari\Documents\Graphics\robot\robot2.vcxproj" (Build target(s)).

Build succeeded.

Time Elapsed 00:00:08.49
